<?xml version="1.0" encoding="UTF-8"?>
<testng-results skipped="0" failed="0" ignored="0" total="1" passed="1">
  <reporter-output>
  </reporter-output>
  <suite name="Default suite" duration-ms="43221" started-at="2019-08-05T11:39:35Z" finished-at="2019-08-05T11:40:18Z">
    <groups>
    </groups>
    <test name="Default test" duration-ms="43221" started-at="2019-08-05T11:39:35Z" finished-at="2019-08-05T11:40:18Z">
      <class name="com.testingfoo.grid.SignUpTest">
        <test-method status="PASS" signature="test()[pri:0, instance:com.testingfoo.grid.SignUpTest@2db7a79b]" name="test" duration-ms="43171" started-at="2019-08-05T11:39:35Z" finished-at="2019-08-05T11:40:18Z">
          <reporter-output>
          </reporter-output>
        </test-method> <!-- test -->
      </class> <!-- com.testingfoo.grid.SignUpTest -->
    </test> <!-- Default test -->
  </suite> <!-- Default suite -->
</testng-results>
