<?xml version="1.0" encoding="UTF-8"?>
<!-- Generated by org.testng.reporters.JUnitXMLReporter -->
<testsuite hostname="192-168-1-4.tpgi.com.au" ignored="2" name="iOS Test" tests="1" failures="0" timestamp="05 Aug 2019 05:48:12 GMT" time="117.496" errors="0">
  <testcase name="testIOS_2" time="117.423" classname="com.testingfoo.grid.AppiumGridTest"/>
  <testcase name="androidTest" time="0.0" classname="com.testingfoo.grid.AppiumGridTest">
    <ignored/>
  </testcase> <!-- androidTest -->
  <testcase name="testAndroid" time="0.0" classname="com.testingfoo.grid.AppiumGridTest">
    <ignored/>
  </testcase> <!-- testAndroid -->
</testsuite> <!-- iOS Test -->
